<?xml version="1.0" encoding="UTF-8"?>
<testng-results ignored="0" total="2" passed="2" failed="0" skipped="0">
  <reporter-output>
  </reporter-output>
  <suite started-at="2023-08-14T13:10:49 IST" name="Suite" finished-at="2023-08-14T13:11:14 IST" duration-ms="25658">
    <groups>
    </groups>
    <test started-at="2023-08-14T13:10:49 IST" name="Test" finished-at="2023-08-14T13:11:14 IST" duration-ms="25658">
      <class name="testCases.AccountRegistarionTest">
        <test-method is-config="true" signature="setup(java.lang.String)[pri:0, instance:testCases.AccountRegistarionTest@28261e8e]" started-at="2023-08-14T13:10:49 IST" name="setup" finished-at="2023-08-14T13:11:00 IST" duration-ms="10087" status="PASS">
          <params>
            <param index="0">
              <value>
                <![CDATA[chrome]]>
              </value>
            </param>
          </params>
          <reporter-output>
          </reporter-output>
        </test-method> <!-- setup -->
        <test-method signature="testAccountregistrain()[pri:0, instance:testCases.AccountRegistarionTest@28261e8e]" started-at="2023-08-14T13:11:00 IST" name="testAccountregistrain" finished-at="2023-08-14T13:11:04 IST" duration-ms="4408" status="PASS">
          <reporter-output>
          </reporter-output>
        </test-method> <!-- testAccountregistrain -->
        <test-method is-config="true" signature="teardown()[pri:0, instance:testCases.AccountRegistarionTest@28261e8e]" started-at="2023-08-14T13:11:04 IST" name="teardown" finished-at="2023-08-14T13:11:04 IST" duration-ms="370" status="PASS">
          <reporter-output>
          </reporter-output>
        </test-method> <!-- teardown -->
      </class> <!-- testCases.AccountRegistarionTest -->
      <class name="testCases.AddToCartTest">
        <test-method is-config="true" signature="setup(java.lang.String)[pri:0, instance:testCases.AddToCartTest@5afa3c9]" started-at="2023-08-14T13:11:04 IST" name="setup" finished-at="2023-08-14T13:11:10 IST" duration-ms="5255" status="PASS">
          <params>
            <param index="0">
              <value>
                <![CDATA[chrome]]>
              </value>
            </param>
          </params>
          <reporter-output>
          </reporter-output>
        </test-method> <!-- setup -->
        <test-method signature="TestAdd()[pri:0, instance:testCases.AddToCartTest@5afa3c9]" started-at="2023-08-14T13:11:10 IST" name="TestAdd" finished-at="2023-08-14T13:11:14 IST" duration-ms="4523" status="PASS">
          <reporter-output>
          </reporter-output>
        </test-method> <!-- TestAdd -->
        <test-method is-config="true" signature="teardown()[pri:0, instance:testCases.AddToCartTest@5afa3c9]" started-at="2023-08-14T13:11:14 IST" name="teardown" finished-at="2023-08-14T13:11:14 IST" duration-ms="321" status="PASS">
          <reporter-output>
          </reporter-output>
        </test-method> <!-- teardown -->
      </class> <!-- testCases.AddToCartTest -->
    </test> <!-- Test -->
  </suite> <!-- Suite -->
</testng-results>
