<?xml version="1.0" encoding="UTF-8"?>
<testng-results ignored="0" total="2" passed="2" failed="0" skipped="0">
  <reporter-output>
  </reporter-output>
  <suite started-at="2023-08-14T12:42:38 IST" name="Suite" finished-at="2023-08-14T12:43:01 IST" duration-ms="23083">
    <groups>
    </groups>
    <test started-at="2023-08-14T12:42:38 IST" name="Test" finished-at="2023-08-14T12:43:01 IST" duration-ms="23083">
      <class name="testCases.AccountRegistarionTest">
        <test-method is-config="true" signature="setup(java.lang.String)[pri:0, instance:testCases.AccountRegistarionTest@303cf2ba]" started-at="2023-08-14T12:42:38 IST" name="setup" finished-at="2023-08-14T12:42:47 IST" duration-ms="8497" status="PASS">
          <params>
            <param index="0">
              <value>
                <![CDATA[chrome]]>
              </value>
            </param>
          </params>
          <reporter-output>
          </reporter-output>
        </test-method> <!-- setup -->
        <test-method signature="testAccountregistrain()[pri:0, instance:testCases.AccountRegistarionTest@303cf2ba]" started-at="2023-08-14T12:42:47 IST" name="testAccountregistrain" finished-at="2023-08-14T12:42:51 IST" duration-ms="3768" status="PASS">
          <reporter-output>
          </reporter-output>
        </test-method> <!-- testAccountregistrain -->
        <test-method is-config="true" signature="teardown()[pri:0, instance:testCases.AccountRegistarionTest@303cf2ba]" started-at="2023-08-14T12:42:51 IST" name="teardown" finished-at="2023-08-14T12:42:51 IST" duration-ms="336" status="PASS">
          <reporter-output>
          </reporter-output>
        </test-method> <!-- teardown -->
      </class> <!-- testCases.AccountRegistarionTest -->
      <class name="testCases.AddToCartTest">
        <test-method is-config="true" signature="setup(java.lang.String)[pri:0, instance:testCases.AddToCartTest@6d60fe40]" started-at="2023-08-14T12:42:51 IST" name="setup" finished-at="2023-08-14T12:42:56 IST" duration-ms="5146" status="PASS">
          <params>
            <param index="0">
              <value>
                <![CDATA[chrome]]>
              </value>
            </param>
          </params>
          <reporter-output>
          </reporter-output>
        </test-method> <!-- setup -->
        <test-method signature="TestAdd()[pri:0, instance:testCases.AddToCartTest@6d60fe40]" started-at="2023-08-14T12:42:56 IST" name="TestAdd" finished-at="2023-08-14T12:43:01 IST" duration-ms="4356" status="PASS">
          <reporter-output>
          </reporter-output>
        </test-method> <!-- TestAdd -->
        <test-method is-config="true" signature="teardown()[pri:0, instance:testCases.AddToCartTest@6d60fe40]" started-at="2023-08-14T12:43:01 IST" name="teardown" finished-at="2023-08-14T12:43:01 IST" duration-ms="306" status="PASS">
          <reporter-output>
          </reporter-output>
        </test-method> <!-- teardown -->
      </class> <!-- testCases.AddToCartTest -->
    </test> <!-- Test -->
  </suite> <!-- Suite -->
</testng-results>
